<?xml version="1.0" encoding="UTF-8"?>
<!-- Generated by org.testng.reporters.JUnitReportReporter -->
<testsuite skipped="0" hostname="DESKTOP-STFIVSM" name="development.NewClass" tests="1" failures="0" timestamp="2020-04-09T19:23:00 BST" time="13.434" errors="0">
  <testcase name="testgooglesearch" time="13.434" classname="development.NewClass"/>
  <system-out/>
</testsuite> <!-- development.NewClass -->
